4.342421314933083
2.650762733660246
2.8080994966957302
1.8783106500732487
1.9704964167817876
2.0842539908157454
9.87206727990042
3.4294791053464775
3.334408535046111
4.448303947108798
2.244377684469024
2.0879900516183287
2.2563319922992378
3.171920716827218
2.0917801885650706
2.46160346201875
2.521049675487337
2.7234846006434124
2.5465556535248957
2.0279977809517615
3.9809970314304035
3.06974143617683
1.866151375696063
4.340029471864303
3.6405141555837224
4.493888417473779
2.1939830029010774
1.3323077067890314
1.966732876795915
3.495536570670083
3.1341958364678755
7.077864070422947
2.059049560289298
2.9138485518725297
2.443536254763603
2.5410802846863154
3.8400685489177704
2.161972172856331
3.817040115594864
4.7317835065451535
1.474208905384308
2.0182450663830553
3.3360038719633045
1.0160273302967349
3.9904201090908966
3.843595623038709
1.986696275032085
3.2518828372574515
1.7214925008160726
1.9460492757459482
1.2584745817961944
2.5468565752020194
2.074932550525536
4.214691318028296
1.260625684662361
2.0380634469135352
4.273582057131884
2.9041475581907434
2.0113144580585263
2.480239863813806
2.0756195588968693
1.0672465164392333
0.965400887821503
4.0542786870501
0.8736162694052153
2.379501186281535
1.5416338649691892
4.406481443881953
3.3992922895898423
2.1103847287043207
1.5488365491954548
2.1325312018680402
4.28986180073116
4.988093339605257
1.513151748075631
3.6707237562320807
2.1687988123563366
3.3915618512662338
1.6899450802966385
3.030261085513436
2.746275915933236
3.0165623446340866
2.3804315162943617
4.390273365501023
2.962320824117569
2.0392310705302896
3.036988889864803
3.540032977535877
2.9137467653126805
3.388150637067708
3.267540140802829
4.246296793365036
2.0371291551030786
1.1006527824503627
3.8234763374467464
2.4993242955705766
3.8393324343064292
3.1473606522402924
3.0034849457359605
3.1283780866493047
2.810897913311298
4.403478826706608
4.334331204500896
3.5578616622757786
3.2828896923553352
3.1843567439743006
1.8592106129055372
2.383507707651006
2.524443303886801
2.9220993239378004
2.2495485357205327
1.7507378826186417
0.816008162635759
3.044272328474714
3.174210846710664
2.203766359772999
3.016303306183545
1.7243286229592438
2.6315528559130863
1.2811259438070313
2.2132653335202486
1.9841519235209986
3.2334214166886257
1.6806806618565833
1.2437770209112136
0.9852877272426054
2.321019586657972
2.270376424088941
1.4657405790378562
3.221578984434826
1.3508784853293037
2.862749013615857
1.4500773929563973
2.7353008242540193
2.39450494004226
3.2535935332469474
2.9054804695640795
2.7383774520977484
1.5538436794933546
2.3284195396541194
2.218599348498339
2.178737652464224
2.366565095151172
3.588371704247865
0.5202746995397003
2.407702590752807
2.733130903277197
5.35642468054559
2.5039742558292346
2.7846320890015566
0.9425867081772367
1.902744212357158
1.3078240719623864
1.3934517027373658
1.4980551318828172
2.4966991089115087
2.049250645071475
1.4089249467215268
2.323025257559493
1.7710430992767214
1.6301039286423475
0.7834422213054495
0.9652869899022894
0.4991306146599527
1.7295498734391812
1.1247494391476114
2.7384789088973776
1.2563904031681328
1.175709538519316
1.3083725974746896
0.3428161636615793
1.64886241722852
1.2180633564629326
1.8855390404933132
0.9451222595913956
3.981244219200952
1.528332763786514
1.3649253722166508
1.5913364855816192
2.295996471308363
1.7172100318518158
0.32673745756031936
1.925791804412835
1.7294936080024028
2.844451740073661
0.8042174795425636
2.950179201652645
2.450064712275679
2.1232143436645856
3.344849423505366
0.9114268007751667
2.9285718364574547
2.288352958273026
2.083248486648356
2.4811284075566458
2.906442018527099
2.149277582826257
2.607534905313839
2.934847668055801
2.1540925640632245
2.2585671584081584
2.1903523463092163
3.337434821688627
2.612373926793225
1.5520047772675754
1.7205622744924312
1.3645609151287772
0.3714597278520025
2.2124037036905064
2.1323470668052322
2.9124723234234504
0.5544272394028831
1.26632697331671
2.7245456745828656
2.306889839237556
2.2337205863123843
0.528031675924343
3.524142377707176
1.2674233315978198
0.7797550720505468
3.9678541754203085
3.6567208819006654
0.5465816121371678
2.551608813305696
0.42294671055767025
1.9807556750194635
0.6685863690361761
2.1181901281260336
0.4702921383445948
0.7790835328929295
0.6420797925382763
1.8155913733450386
2.170905481985921
0.3566240125908679
4.413209893663104
0.824841544468029
1.0420514300469976
1.3261106457710932
0.776338352008106
0.7678345077866373
1.6035382418700939
0.22687117823674657
0.6325770475731369
4.7867406691528025
3.416608029154732
0.5009414603615476
2.9036174335462204
1.545437738656377
4.1416533186566085
2.653158484834421
0.8368428792627475
5.722808577120304
0.5153258353220213
3.0496862698928453
3.9550375624729153
2.156183776366691
3.2713743843090084
2.8949503002500023
3.08755004491387
2.5609979992450915
2.122263347794668
0.7784196224525808
0.3594582985733873
0.38223591074080177
0.18887347966518622
0.40648824592881944
0.6733540634725542
0.6256224491490816
0.5364452976536038
0.25640267301169994
0.16433028472874914
0.44134103675875735
0.38388036872550385
0.4803269299464029
0.4580971164568099
4.757916667667979
2.4281725101949028
0.6747439996314197
0.21986418015307344
0.2764612378794649
0.3236965294437335
0.43485204199323896
0.500765206179949
0.33125020554356954
0.3092534048711341
0.23144677565116764
5.04417787056247
0.364711938277752
0.2310783967886876
0.2892471406101267
0.13919205502322393
0.24722997302973582
0.39601024560681597
0.1282806277308728
0.07259303209412217
0.09217083017713179
0.10535978144741003
4.844380569725347
0.1356934138494024
3.1648068106151186
0.3736467525919924
0.7536993249192495
0.6841474442742765
0.7964601231109224
0.679822660148299
0.7547130940656643
0.575813865836244
3.826930959389144
0.3706623484988732
0.19528893535985375
0.3728476060062865
0.4364606438945887
0.28298687881524287
0.45209641069974776
0.3773421083602713
0.4106771701479957
0.32413192441766425
0.30591071872893266
0.20696945806435932
0.3205245387452496
0.19541844688083485
0.6934790235678339
0.31865762368283684
0.33121464799025635
0.3526382278080211
0.254865281510923
0.2878623097893441
0.3063910232465227
0.4181579162678676
0.6161834285948511
0.7629468184209447
0.2533305554582431
1.739986731107497
4.930494037619307
4.112863865083971
3.7458403930359054
0.5453399562266253
1.1783200438816408
0.3973480945029114
0.11379699073086552
0.08941764703561783
0.8449622821174123
0.3736798973249275
0.35141970408243006
0.3425449809749219
0.3655933099269073
0.25917951185617866
0.4746770924992685
0.3907886802111706
0.22072820135662852
0.4017992945014501
4.151130437449918
0.11294505156222151
5.325142549339664
4.5708069686348045
3.054572535571745
3.857030446203377
3.700152544728813
2.650561018461686
3.55766212043333
4.78243987304395
3.0978215642979614
4.149333658666971
2.7911178974876143
2.5872544875153554
3.140914530283529
2.859674035705029
2.633881042006477
2.4107875278621744
2.265995427688512
2.8818885170505384
3.324277996122772
3.1307769395534706
3.1666182272831067
2.2764834801888685
2.4543518386675385
2.2472422683786135
1.4597060895743197
1.117930454616726
1.639823462862599
1.3727501088811551
1.2756023862101655
2.820205640825655
1.5529661672699149
1.5921775531217766
1.5981947037711506
1.222887134782716
1.8531633294043988
1.1594491344792914
0.9497788569691087
1.4866101010004058
1.679571630341161
0.6401529060225591
0.7400826500961557
0.9796625957242213
1.0565595414373092
1.020289863217234
0.6590712463128677
0.5828626074838791
0.5469208946860163
1.2513276058679266
0.5971071479201783
0.8135587929520459
0.5838582267169841
1.3350260500600626
1.7078170524648157
0.43607180855524347
1.252067092610054
1.0009296829629604
2.2625662586174764
1.5699229667064751
0.5235933675749668
0.3759020575709906
0.45891936703283065
0.3283712484496895
0.3700629446330057
0.32417414355640584
0.38733538773938436
0.34204985021206297
0.39115284288373564
0.3817125222201073
0.4024117738150745
0.3489551490277212
0.31572531024167605
0.3609662553492591
0.3285327041529062
0.4902210017760898
0.3968410181832112
0.26898691049413576
0.34391257778699413
0.3025418584012333
0.3310931486303633
0.34071500131686905
0.35257664883367335
0.30924672437387485
0.3275357259984927
0.21411526044941348
0.16577291241361902
0.2598849321544595
0.1232186100363429
0.12038326752156527
0.08644968876696463
0.0606484377371929
0.08727315121532413
0.04496720186141677
0.7638224248424043
0.21878316469712533
1.694499860558141
0.3935500430914734
0.1005731030083225
4.338073788807378
0.6820375391288963
0.5139018733333677
29.826409225893574
88.53929941654205
59.229863819750875
75.05633128741208
70.51271715594663
77.8750352691859
71.2231687289827
28.439928994622342
92.41334970410054
39.42701833478866
22.779634130221826
80.27073929309844
67.29920258786943
108.00234338370237
47.201158485733544
86.30657476186752
75.5440993513912
44.34696188789827
75.32036904618144
64.28724322350402
133.5301737719112
70.60454797082477
121.16012770533561
34.85137411015374
60.103296590702875
44.131668262440584
155.88255980610847
112.13507043502547
70.19005964199702
39.78475449450554
95.09898332678355
120.65330241918564
82.34641144275665
66.87598457435767
16.46343733879124
87.1376543960401
46.463311032607
71.85527840431999
65.08473371831994
53.97828717594562
44.21282282471657
53.28587377719257
60.50118722617626
91.98262185546068
51.05491264909506
78.29082332253456
93.06323245167732
48.79050799250603
40.528681842486066
60.45751189291477
120.22512522637844
38.658646614320816
31.8709087763962
52.39686531865078
73.90623543225229
85.31154185533524
46.32094226319056
43.8544319625254
74.4670779146254
131.5120942890644
41.50884685665369
80.87997597030231
85.19794566716466
92.17787565539281
94.66380241513252
90.84995964666207
29.235456548239057
43.14753641294582
37.66991278529167
43.92932846110601
60.09652492090275
97.82738233425401
70.86022970781607
39.10399628639221
23.573777510474127
29.267525168565605
51.69298569993539
49.94746696610343
70.35233362714449
90.29287674402197
98.71605627834796
94.35943226888776
55.80627761474427
56.468483568384094
91.76028390713036
67.00529227984536
76.63659643275398
30.26303456376332
46.89386047265402
71.02344330694442
54.034597838064656
68.83759625805541
60.57080736199297
54.94013622555097
30.696390146366095
36.4519913399048
65.99913109354955
57.71775061173293
23.653529943099176
82.19774140525035
25.847717359480157
71.41294072452001
27.991889685137018
49.725334958306384
53.86954718092098
32.75199440136552
32.5663449538406
67.71711635559664
54.713281848135274
14.611011381931442
44.214461693954135
46.661382656518576
53.18147342719815
63.88204067373105
96.7655569694259
45.598145472462335
31.536580652076974
12.894356394876013
25.158700537482673
49.91240903508404
40.85087545094117
26.43665446848091
50.348721704500925
36.83956533557232
25.384726924745813
14.427454775741822
23.719460143496306
49.99312954172492
44.52181662029276
14.82159179335703
17.107380733210256
72.47468324147519
24.639915294879373
40.86102399557572
52.11997999446023
31.990460674068892
34.17117141948446
21.77059742108662
19.11934151036784
19.797875785029298
66.49511115359408
48.16367832645774
19.18894807284347
63.23958000049672
20.960216599569144
27.783750926161883
42.169261393319836
29.598711436181222
58.78493498077028
32.82378451404618
50.07613085427632
12.944832909032963
36.50276798436641
18.645186519179454
14.134985820118539
38.51123753454732
17.039634584901936
24.58229168019496
21.200810540495894
47.71344781844389
13.513938148162827
28.963070088336764
17.666732546693186
63.525533518459845
47.034442743729976
48.73888519391417
21.413754862930737
50.678857029997744
43.23512896526214
11.500716233898613
24.48520664331088
41.47637649320743
59.77797925956547
6.485912219730935
33.65532059879864
22.501667899638413
15.742264546840259
91.62876801954752
34.672208757299394
43.662011198973396
68.8566056485345
19.233570347688246
25.205068142238208
87.11071447553113
18.853436735493165
14.55766592688401
60.573210445185566
72.09344313606958
35.79943869956769
27.698401287384332
11.908742381992173
17.771308104755008
45.83353103178524
19.548162324640934
20.227684648831687
17.11106830791642
33.67428228243029
12.952989114980612
42.465617354415976
12.978173023822125
47.72655296702287
51.37494853796328
30.19383308523975
18.181181552281988
51.078142755664885
13.93343284421872
13.106887924694146
42.16411569117918
12.63362663647307
62.52293574283249
19.782843798396833
24.410651145642422
48.745068728335596
15.479738106169144
11.671398276751482
38.9030891114602
28.707619585422556
18.717857644431984
67.79637707956135
8.630624250477403
41.4015576091757
18.989410753946434
8.32748348223468
26.209318695955776
57.855202757039415
13.29992225567202
21.860491564697366
8.343406846456064
6.346002085199643
49.00988708117178
5.462179352121329
58.67619834308737
26.714865784781676
7.824203171220753
23.65490676021023
26.229574315809796
12.059984875265245
71.39620212976976
32.91369364579164
26.130216619097872
15.264559032428176
29.389132373966277
16.926719926452307
4.311408004668295
38.11788294080179
49.006369571412506
15.390250417011448
33.14427684555547
27.643750564521973
42.297316886218326
13.609206617560371
14.414251172475634
22.87500611107273
10.81266456256875
6.37028891240486
18.495241196932813
10.362976307421558
9.988367883443267
2.551296410033326
15.227056257101305
17.508546054310564
6.8151571558701205
6.855425572915313
7.751017740522572
8.093443023728637
23.25938081696553
28.377153736514014
41.887062987578766
9.139667174469931
18.7588580996794
8.213349283722364
8.130497368971051
14.973315688572374
19.541561719832114
3.909851200350732
5.724171599817267
4.276489378656621
6.338405550863821
12.785415318512259
5.575742949560734
19.764693540626467
9.565880394213737
2.7416568255327918
38.09321765377885
3.553527406764199
5.402738085445171
7.5697191194524445
11.564868963552634
38.86499100157898
7.668745361653303
1.3396292952706972
31.82364277521834
1.6214856421954082
13.759877122958628
16.58218729413218
4.283553240141078
4.746677093480224
9.605610718610437
52.7180484956797
7.994178571569113
4.528470966751311
7.503513522889534
7.663789677988259
32.52539594953358
4.158198093971774
6.115738582908952
1.5367509800680141
5.090127110046321
10.07125179732397
37.15172887501411
62.42249845206272
64.05721077969754
29.766232601910207
5.621758060064167
17.42063328730763
10.249920745284243
2.6760392859910893
11.034819664578114
4.624121219361758
8.738696443720638
15.683141893565264
15.812738152294953
23.68657742796215
24.870567061796624
10.350284009167414
15.976085299482694
18.789710574477795
51.11576659202745
23.17595108291682
7.2053570070075095
14.104804553836718
18.947272280203034
26.21923133789096
25.24566101549259
7.8747957851850625
3.773408760148441
67.93671855504259
39.34242873568837
8.468465084775138
7.423500930301948
13.551068996303806
31.006009177840316
60.10118414371391
7.255514800475591
55.90666097014428
12.989607870439917
7.513873860552106
29.233049388500863
13.586807531402691
4.608052644550831
5.4485338475791
6.990121345463061
11.424568356266988
58.1037378790864
15.133454791502851
56.3698676632817
42.226855398737825
7.643342609567128
19.22193758609978
34.08860051021338
16.683632742009106
3.8528922953992852
8.098490766648736
29.24670270436521
18.683754615036637
37.101085305028725
3.8892688125826163
7.443012253053456
2.5223392732609433
13.047914429632916
3.7314461634473135
10.328854812412922
17.885281897004045
14.245416377001675
10.742276009378111
7.937760112172934
5.135147597336321
14.080305394395825
3.5649142580792774
55.60475305486894
6.950112905950593
68.1495092292549
9.772619995918989
22.982851075151792
18.662105007259402
2.514060571568873
11.497742308409666
35.78001255726706
55.96653084221639
11.837674954800974
10.701018235476601
15.251822980573504
20.288321077608718
26.36813089637352
6.912363847099995
6.201141222013783
9.228929661869909
30.810800525106334
11.264603102796327
17.777936054276495
21.401787066166953
21.405882458752867
13.066394674705014
25.951098411159098
10.223383841487314
18.144254782658425
13.358162500775169
20.11610518939172
4.72600763551024
8.776873564379374
15.816034977625979
102.78104233760328
11.734276162568925
12.933558587084658
13.511762622691633
16.179928294936772
29.665620804578065
10.641382045283162
12.213440591759856
29.664730541974375
11.299902576464499
11.865532959887224
16.588057843247952
32.19786982331425
29.407805003658204
15.242954132602781
11.080698277898549
12.118516355524571
13.12899523271365
11.006119291899896
14.467990662820789
21.004518874766653
20.063734635179998
10.00215850130815
6.5663081281934845
9.030185789703689
3.530418615507103
16.213328491924614
36.388786057071144
12.033805559508401
18.97859316809755
21.09731628075693
41.8846849340116
18.44306001575497
2.9600221339227466
7.24045233469244
1.3065703683631298
7.178168815978198
13.326134362701575
13.68391118915487
4.834634182438448
7.198091168077426
64.1831976194903
17.567107853331002
8.422037259912795
8.027885236256306
30.097102179624407
2.965968411813568
8.332324689442885
8.683753864454362
43.787147452236646
50.09177344399897
7.459722458208388
34.18290241408305
4.689127801506117
15.52602944085811
8.473769687772728
7.416871831045155
3.8271923316991887
3.299197467578703
1.674664681596982
34.10932277369878
1.5328313285623527
5.093807617621496
2.063800095044633
18.537183810472264
13.511975517677547
16.408936994670036
17.47244069000763
13.951191016477305
6.366377326568216
4.754292787597049
66.47860084855056
7.965091714989387
48.83469785601148
7.157543476353484
1.0696954623936894
8.372481047861816
18.633106678458198
50.174093657799645
13.229953636385538
15.65898713259298
2.4676259378902614
14.022447105206378
33.15385609195007
10.302029266461993
3.921400170794227
5.125116042810238
29.039599510880446
11.017569836670495
13.75445472004489
8.027855692412382
21.26964245225645
10.540731908041444
5.845541036291317
9.53402433168148
1.096547760575777
16.434927863772735
32.31225971004683
14.581826721254567
8.808847429780839
69.47606539395244
7.996275299611872
10.099181183263557
25.467546335413637
7.868790254895475
91.32126910623035
8.139969458095218
3.5794563920426836
6.429685331528442
4.334927515071568
19.401087172620883
55.60110810860351
6.295685762546297
6.378367338882526
36.89912496608598
44.12208543095958
8.14433272665422
7.662192281034037
4.83850775124544
8.673663776289686
11.407467953871068
59.23896666104598
42.39223741508067
37.982807827515835
1.4655926545507816
5.423787805040427
9.151465250371226
6.044075926667245
4.202876840334836
4.252762262636239
3.5796758838361806
3.6646275139559696
33.98006389436947
10.650968229941133
8.054984431204412
12.26258284471071
18.295776533144345
9.295626258142647
52.03332609226345
35.86670897511843
12.224272615247418
12.600466843275171
47.3202832334415
7.742091474000569
2.791844500439907
25.060030286241922
8.25472947009744
9.450028970575659
78.90806483488996
13.77651801345249
10.28271618148387
21.935995181812906
12.341425614862088
0.6195591413787507
25.631049626492334
3.0231908282580515
13.654105235469896
14.298913176277665
23.544934480077547
6.571119020421676
40.86871223486586
20.678460418479517
7.27139491525508
7.6355396196476715
11.180370546302155
11.151557197515281
10.022241525744136
5.967530471213922
18.75510153374321
6.318154302609496
8.92151140971576
76.67224632437865
8.324344492346569
1.6770219859775222
25.579856487134983
7.358027103321365
94.50386676567918
5.246134812420577
8.19255675763007
8.925687162089876
74.73339560852453
3.220652141259052
27.212213776423596
8.190721396345829
2.3878831904210007
107.82188408442632
8.959549618219583
9.35404363327149
3.6666461253032767
28.00488047090066
6.656658889449186
4.38984289136811
10.005986387300888
23.74499643232067
6.9122055846913275
6.59702656580122
19.571525160375337
21.911863322544377
10.176041887890962
37.51446057245601
74.60799113455269
4.617189927447516
6.789424554266397
6.580172216803142
29.059245320560876
7.654757556016765
8.031769685533535
7.733387725355351
5.634239067180448
18.12342812052149
7.556766111119298
5.367005840161308
38.29203387204879
6.701329784566372
14.619786958884694
13.129930638553626
6.238894134430291
7.040631191916856
90.14205776235703
6.5180667553083245
5.766884222498679
6.009296929472659
33.54763117943139
5.714838720397286
17.35121445192696
10.05988695365987
7.319958837733187
6.046943149670303
7.957288736273767
16.610304663590213
1.032010742465754
4.492774421071359
5.997273114916378
0.23436704125924734
33.60198593093082
9.95100888404219
3.712977248255629
1.6613563210556486
11.010552856687475
3.053015142937007
2.882291100026313
7.8856781979795025
6.701282152154693
12.96809223560073
1.6020660774814053
1.5863733254443435
57.13534259759823
30.201688000189197
33.68278739663947
80.59469779984053
53.399739242982974
16.71617062090522
2.409540952532552
10.771490280844292
3.7362468786203684
9.889742684488649
11.338503034101455
7.1804816443529775
4.485744287505881
7.5825095661297635
10.216559840924068
7.937849637130751
7.323708762211027
9.937854955289124
6.42105659103557
4.76619167028552
2.633103423156906
11.752069809203556
4.028720241029211
8.420830821425108
15.07602984048961
14.248073591058102
4.24086201114654
11.469641767869948
5.9760096583388576
30.062629315063894
3.83113183565477
2.0002751713069986
0.4101942840643148
2.0463279122260083
13.840577797824855
73.11140962893313
6.543913184007331
11.77063169197284
3.7528244497081475
15.832965400753096
4.678775668885831
10.151857846453186
27.980774837237103
36.21694875220104
31.08616212569177
17.7755783044357
16.95087457811513
15.85044213440103
11.180755607720858
1.848696189191356
3.7264175399427093
34.857021679436556
4.084695949464902
6.7553065456547
5.165969141499819
6.3944004191523565
35.43284454457462
35.92886001057923
24.730674403445747
8.31074105676285
3.1898339014121104
40.882385412569754
6.358763278586364
69.30741493736278
6.1511770404344945
